<?xml version="1.0" encoding="UTF-8"?>
<testng-results ignored="0" total="1" passed="1" failed="0" skipped="0">
  <reporter-output>
  </reporter-output>
  <suite started-at="2023-01-05T10:36:37 IST" name="Default suite" finished-at="2023-01-05T10:36:53 IST" duration-ms="16097">
    <groups>
    </groups>
    <test started-at="2023-01-05T10:36:37 IST" name="Default test" finished-at="2023-01-05T10:36:53 IST" duration-ms="16097">
      <class name="Automation.testscript.AlertHandling">
        <test-method is-config="true" signature="launchBrowser()[pri:0, instance:Automation.testscript.AlertHandling@121314f7]" started-at="2023-01-05T10:36:37 IST" name="launchBrowser" finished-at="2023-01-05T10:36:39 IST" duration-ms="2040" status="PASS">
          <reporter-output>
          </reporter-output>
        </test-method> <!-- launchBrowser -->
        <test-method is-config="true" signature="login()[pri:0, instance:Automation.testscript.AlertHandling@121314f7]" started-at="2023-01-05T10:36:39 IST" name="login" finished-at="2023-01-05T10:36:44 IST" duration-ms="5090" status="PASS">
          <reporter-output>
          </reporter-output>
        </test-method> <!-- login -->
        <test-method signature="handleAlert()[pri:0, instance:Automation.testscript.AlertHandling@121314f7]" started-at="2023-01-05T10:36:44 IST" name="handleAlert" finished-at="2023-01-05T10:36:51 IST" duration-ms="6352" status="PASS">
          <reporter-output>
          </reporter-output>
        </test-method> <!-- handleAlert -->
        <test-method is-config="true" signature="logout()[pri:0, instance:Automation.testscript.AlertHandling@121314f7]" started-at="2023-01-05T10:36:51 IST" name="logout" finished-at="2023-01-05T10:36:53 IST" duration-ms="2370" status="PASS">
          <reporter-output>
          </reporter-output>
        </test-method> <!-- logout -->
        <test-method is-config="true" signature="closeBrowser()[pri:0, instance:Automation.testscript.AlertHandling@121314f7]" started-at="2023-01-05T10:36:53 IST" name="closeBrowser" finished-at="2023-01-05T10:36:53 IST" duration-ms="185" status="PASS">
          <reporter-output>
          </reporter-output>
        </test-method> <!-- closeBrowser -->
      </class> <!-- Automation.testscript.AlertHandling -->
    </test> <!-- Default test -->
  </suite> <!-- Default suite -->
</testng-results>
